
=== Sun Feb 24 14:22:15 2019

Packages were changed.
Update Mode: updateDependencies

The following packages were added:
  com.unity.collab-proxy@1.2.15
  com.unity.timeline@1.0.0
  com.unity.xr.legacyinputhelpers@1.0.0
The following packages were updated:
  com.unity.analytics from version 2.0.16 to 3.3.2
  com.unity.package-manager-ui from version 1.9.11 to 2.1.1
  com.unity.textmeshpro from version 1.2.4 to 1.3.0

=== Wed Apr 17 08:06:59 2019

Packages were changed.
Update Mode: updateDependencies

The following packages were updated:
  com.unity.package-manager-ui from version 2.1.1 to 2.1.2

=== Mon Jun 24 18:28:58 2019

Packages were changed.
Update Mode: updateDependencies

The following packages were added:
  com.unity.2d.tilemap@1.0.0
  com.unity.ext.nunit@1.0.0
  com.unity.test-framework@1.0.13
  com.unity.2d.sprite@1.0.0
  com.unity.ide.vscode@1.0.7
  com.unity.ide.visualstudio@1.0.11
  com.unity.ide.rider@1.0.8
  com.unity.ugui@1.0.0
  com.unity.modules.androidjni@1.0.0
The following packages were removed:
  com.unity.package-manager-ui@2.1.2

=== Sat May 23 20:52:30 2020

Packages were changed.
Update Mode: updateDependencies

The following packages were updated:
  com.unity.ide.rider from version 1.0.8 to 2.0.2
  com.unity.ide.visualstudio from version 1.0.11 to 2.0.1
  com.unity.ide.vscode from version 1.0.7 to 1.2.0
  com.unity.test-framework from version 1.0.13 to 1.1.14
